<?xml version="1.0" encoding="UTF-8"?>
<!-- Generated by org.testng.reporters.JUnitReportReporter -->
<testsuite hostname="QC" failures="0" tests="2" name="TestCases.TC03_SearchTest" time="12.320" errors="0" timestamp="2024-12-21T16:05:53 EET" skipped="0">
  <testcase classname="TestCases.TC03_SearchTest" name="validSearchTC" time="8.223"/>
  <testcase classname="TestCases.TC03_SearchTest" name="inValidSearchTC" time="4.097"/>
</testsuite> <!-- TestCases.TC03_SearchTest -->
