<?xml version="1.0" encoding="UTF-8"?>
<!-- Generated by org.testng.reporters.JUnitReportReporter -->
<testsuite hostname="QC" failures="0" tests="4" name="TestCases.TC02_LoginTest" time="20.785" errors="0" timestamp="2024-12-21T16:05:53 EET" skipped="0">
  <testcase classname="TestCases.TC02_LoginTest" name="validLoginTC" time="5.194"/>
  <testcase classname="TestCases.TC02_LoginTest" name="invalidLoginTC" time="4.297"/>
  <testcase classname="TestCases.TC02_LoginTest" name="invalidLoginTC" time="4.575"/>
  <testcase classname="TestCases.TC02_LoginTest" name="invalidLoginTC" time="6.719"/>
</testsuite> <!-- TestCases.TC02_LoginTest -->
