<?xml version="1.0" encoding="UTF-8"?>
<!-- Generated by org.testng.reporters.JUnitReportReporter -->
<testsuite hostname="QC" failures="0" tests="1" name="TestCases.TC05_AddToCartTest" time="5.492" errors="0" timestamp="2024-12-21T16:05:53 EET" skipped="0">
  <testcase classname="TestCases.TC05_AddToCartTest" name="addProductsToCart" time="5.492"/>
</testsuite> <!-- TestCases.TC05_AddToCartTest -->
