<?xml version="1.0" encoding="UTF-8"?>
<!-- Generated by org.testng.reporters.JUnitReportReporter -->
<testsuite hostname="QC" failures="0" tests="4" name="TestCases.TC02_LoginTest" time="19.211" errors="0" timestamp="2024-12-21T14:45:19 EET" skipped="0">
  <testcase classname="TestCases.TC02_LoginTest" name="validLoginTC" time="4.877"/>
  <testcase classname="TestCases.TC02_LoginTest" name="invalidLoginTC" time="5.447"/>
  <testcase classname="TestCases.TC02_LoginTest" name="invalidLoginTC" time="4.384"/>
  <testcase classname="TestCases.TC02_LoginTest" name="invalidLoginTC" time="4.503"/>
</testsuite> <!-- TestCases.TC02_LoginTest -->
