<?xml version="1.0" encoding="UTF-8"?>
<testsuite xmlns:xsi="http://www.w3.org/2001/XMLSchema-instance" xsi:noNamespaceSchemaLocation="https://maven.apache.org/surefire/maven-surefire-plugin/xsd/surefire-test-report-3.0.xsd" version="3.0" name="TestSuite" time="48.402" tests="8" errors="0" skipped="0" failures="0">
  <properties>
    <property name="java.specification.version" value="21"/>
    <property name="sun.cpu.isalist" value="amd64"/>
    <property name="sun.jnu.encoding" value="Cp1252"/>
    <property name="java.class.path" value="D:\Automation\TAF_TricentisDemoWebShop\test-outputs\target\test-classes;D:\Automation\TAF_TricentisDemoWebShop\test-outputs\target\classes;C:\Users\Asmaa Saad\.m2\repository\org\seleniumhq\selenium\selenium-java\4.26.0\selenium-java-4.26.0.jar;C:\Users\Asmaa Saad\.m2\repository\org\seleniumhq\selenium\selenium-api\4.26.0\selenium-api-4.26.0.jar;C:\Users\Asmaa Saad\.m2\repository\org\jspecify\jspecify\1.0.0\jspecify-1.0.0.jar;C:\Users\Asmaa Saad\.m2\repository\org\seleniumhq\selenium\selenium-chrome-driver\4.26.0\selenium-chrome-driver-4.26.0.jar;C:\Users\Asmaa Saad\.m2\repository\com\google\auto\service\auto-service-annotations\1.1.1\auto-service-annotations-1.1.1.jar;C:\Users\Asmaa Saad\.m2\repository\org\seleniumhq\selenium\selenium-chromium-driver\4.26.0\selenium-chromium-driver-4.26.0.jar;C:\Users\Asmaa Saad\.m2\repository\org\seleniumhq\selenium\selenium-json\4.26.0\selenium-json-4.26.0.jar;C:\Users\Asmaa Saad\.m2\repository\org\seleniumhq\selenium\selenium-manager\4.26.0\selenium-manager-4.26.0.jar;C:\Users\Asmaa Saad\.m2\repository\org\seleniumhq\selenium\selenium-devtools-v128\4.26.0\selenium-devtools-v128-4.26.0.jar;C:\Users\Asmaa Saad\.m2\repository\org\seleniumhq\selenium\selenium-devtools-v129\4.26.0\selenium-devtools-v129-4.26.0.jar;C:\Users\Asmaa Saad\.m2\repository\org\seleniumhq\selenium\selenium-devtools-v130\4.26.0\selenium-devtools-v130-4.26.0.jar;C:\Users\Asmaa Saad\.m2\repository\org\seleniumhq\selenium\selenium-devtools-v85\4.26.0\selenium-devtools-v85-4.26.0.jar;C:\Users\Asmaa Saad\.m2\repository\org\seleniumhq\selenium\selenium-edge-driver\4.26.0\selenium-edge-driver-4.26.0.jar;C:\Users\Asmaa Saad\.m2\repository\org\seleniumhq\selenium\selenium-firefox-driver\4.26.0\selenium-firefox-driver-4.26.0.jar;C:\Users\Asmaa Saad\.m2\repository\org\seleniumhq\selenium\selenium-http\4.26.0\selenium-http-4.26.0.jar;C:\Users\Asmaa Saad\.m2\repository\dev\failsafe\failsafe\3.3.2\failsafe-3.3.2.jar;C:\Users\Asmaa Saad\.m2\repository\org\seleniumhq\selenium\selenium-ie-driver\4.26.0\selenium-ie-driver-4.26.0.jar;C:\Users\Asmaa Saad\.m2\repository\org\seleniumhq\selenium\selenium-remote-driver\4.26.0\selenium-remote-driver-4.26.0.jar;C:\Users\Asmaa Saad\.m2\repository\com\google\guava\guava\33.3.1-jre\guava-33.3.1-jre.jar;C:\Users\Asmaa Saad\.m2\repository\com\google\guava\failureaccess\1.0.2\failureaccess-1.0.2.jar;C:\Users\Asmaa Saad\.m2\repository\com\google\guava\listenablefuture\9999.0-empty-to-avoid-conflict-with-guava\listenablefuture-9999.0-empty-to-avoid-conflict-with-guava.jar;C:\Users\Asmaa Saad\.m2\repository\com\google\code\findbugs\jsr305\3.0.2\jsr305-3.0.2.jar;C:\Users\Asmaa Saad\.m2\repository\org\checkerframework\checker-qual\3.43.0\checker-qual-3.43.0.jar;C:\Users\Asmaa Saad\.m2\repository\com\google\j2objc\j2objc-annotations\3.0.0\j2objc-annotations-3.0.0.jar;C:\Users\Asmaa Saad\.m2\repository\io\opentelemetry\semconv\opentelemetry-semconv\1.25.0-alpha\opentelemetry-semconv-1.25.0-alpha.jar;C:\Users\Asmaa Saad\.m2\repository\io\opentelemetry\opentelemetry-api\1.43.0\opentelemetry-api-1.43.0.jar;C:\Users\Asmaa Saad\.m2\repository\io\opentelemetry\opentelemetry-context\1.43.0\opentelemetry-context-1.43.0.jar;C:\Users\Asmaa Saad\.m2\repository\io\opentelemetry\opentelemetry-exporter-logging\1.43.0\opentelemetry-exporter-logging-1.43.0.jar;C:\Users\Asmaa Saad\.m2\repository\io\opentelemetry\opentelemetry-sdk-common\1.43.0\opentelemetry-sdk-common-1.43.0.jar;C:\Users\Asmaa Saad\.m2\repository\io\opentelemetry\opentelemetry-sdk-extension-autoconfigure-spi\1.43.0\opentelemetry-sdk-extension-autoconfigure-spi-1.43.0.jar;C:\Users\Asmaa Saad\.m2\repository\io\opentelemetry\opentelemetry-sdk-extension-autoconfigure\1.43.0\opentelemetry-sdk-extension-autoconfigure-1.43.0.jar;C:\Users\Asmaa Saad\.m2\repository\io\opentelemetry\opentelemetry-api-incubator\1.43.0-alpha\opentelemetry-api-incubator-1.43.0-alpha.jar;C:\Users\Asmaa Saad\.m2\repository\io\opentelemetry\opentelemetry-sdk-trace\1.43.0\opentelemetry-sdk-trace-1.43.0.jar;C:\Users\Asmaa Saad\.m2\repository\io\opentelemetry\opentelemetry-sdk\1.43.0\opentelemetry-sdk-1.43.0.jar;C:\Users\Asmaa Saad\.m2\repository\io\opentelemetry\opentelemetry-sdk-metrics\1.43.0\opentelemetry-sdk-metrics-1.43.0.jar;C:\Users\Asmaa Saad\.m2\repository\io\opentelemetry\opentelemetry-sdk-logs\1.43.0\opentelemetry-sdk-logs-1.43.0.jar;C:\Users\Asmaa Saad\.m2\repository\net\bytebuddy\byte-buddy\1.15.7\byte-buddy-1.15.7.jar;C:\Users\Asmaa Saad\.m2\repository\org\seleniumhq\selenium\selenium-os\4.26.0\selenium-os-4.26.0.jar;C:\Users\Asmaa Saad\.m2\repository\org\apache\commons\commons-exec\1.4.0\commons-exec-1.4.0.jar;C:\Users\Asmaa Saad\.m2\repository\org\seleniumhq\selenium\selenium-safari-driver\4.26.0\selenium-safari-driver-4.26.0.jar;C:\Users\Asmaa Saad\.m2\repository\org\seleniumhq\selenium\selenium-support\4.26.0\selenium-support-4.26.0.jar;C:\Users\Asmaa Saad\.m2\repository\org\testng\testng\7.10.2\testng-7.10.2.jar;C:\Users\Asmaa Saad\.m2\repository\com\beust\jcommander\1.82\jcommander-1.82.jar;C:\Users\Asmaa Saad\.m2\repository\org\webjars\jquery\3.7.1\jquery-3.7.1.jar;C:\Users\Asmaa Saad\.m2\repository\io\qameta\allure\allure-testng\2.29.0\allure-testng-2.29.0.jar;C:\Users\Asmaa Saad\.m2\repository\io\qameta\allure\allure-java-commons\2.29.0\allure-java-commons-2.29.0.jar;C:\Users\Asmaa Saad\.m2\repository\io\qameta\allure\allure-model\2.29.0\allure-model-2.29.0.jar;C:\Users\Asmaa Saad\.m2\repository\io\qameta\allure\allure-test-filter\2.29.0\allure-test-filter-2.29.0.jar;C:\Users\Asmaa Saad\.m2\repository\com\google\code\gson\gson\2.11.0\gson-2.11.0.jar;C:\Users\Asmaa Saad\.m2\repository\com\google\errorprone\error_prone_annotations\2.27.0\error_prone_annotations-2.27.0.jar;C:\Users\Asmaa Saad\.m2\repository\org\slf4j\slf4j-api\2.0.16\slf4j-api-2.0.16.jar;C:\Users\Asmaa Saad\.m2\repository\org\slf4j\slf4j-simple\2.0.16\slf4j-simple-2.0.16.jar;C:\Users\Asmaa Saad\.m2\repository\org\apache\logging\log4j\log4j-core\2.24.1\log4j-core-2.24.1.jar;C:\Users\Asmaa Saad\.m2\repository\org\apache\logging\log4j\log4j-api\2.24.1\log4j-api-2.24.1.jar;C:\Users\Asmaa Saad\.m2\repository\commons-io\commons-io\2.18.0\commons-io-2.18.0.jar;C:\Users\Asmaa Saad\.m2\repository\com\github\javafaker\javafaker\1.0.2\javafaker-1.0.2.jar;C:\Users\Asmaa Saad\.m2\repository\org\apache\commons\commons-lang3\3.5\commons-lang3-3.5.jar;C:\Users\Asmaa Saad\.m2\repository\org\yaml\snakeyaml\1.23\snakeyaml-1.23-android.jar;C:\Users\Asmaa Saad\.m2\repository\com\github\mifmif\generex\1.0.2\generex-1.0.2.jar;C:\Users\Asmaa Saad\.m2\repository\dk\brics\automaton\automaton\1.11-8\automaton-1.11-8.jar;C:\Users\Asmaa Saad\.m2\repository\com\googlecode\json-simple\json-simple\1.1.1\json-simple-1.1.1.jar;C:\Users\Asmaa Saad\.m2\repository\junit\junit\4.10\junit-4.10.jar;C:\Users\Asmaa Saad\.m2\repository\org\hamcrest\hamcrest-core\1.1\hamcrest-core-1.1.jar;C:\Users\Asmaa Saad\.m2\repository\io\qameta\allure\allure-plugin-api\2.32.0\allure-plugin-api-2.32.0.jar;C:\Users\Asmaa Saad\.m2\repository\com\fasterxml\jackson\core\jackson-databind\2.18.1\jackson-databind-2.18.1.jar;C:\Users\Asmaa Saad\.m2\repository\com\fasterxml\jackson\core\jackson-annotations\2.18.1\jackson-annotations-2.18.1.jar;C:\Users\Asmaa Saad\.m2\repository\com\fasterxml\jackson\core\jackson-core\2.18.1\jackson-core-2.18.1.jar;C:\Users\Asmaa Saad\.m2\repository\com\fasterxml\jackson\module\jackson-module-jaxb-annotations\2.18.1\jackson-module-jaxb-annotations-2.18.1.jar;C:\Users\Asmaa Saad\.m2\repository\jakarta\activation\jakarta.activation-api\1.2.2\jakarta.activation-api-1.2.2.jar;C:\Users\Asmaa Saad\.m2\repository\com\opencsv\opencsv\5.9\opencsv-5.9.jar;C:\Users\Asmaa Saad\.m2\repository\org\apache\commons\commons-text\1.11.0\commons-text-1.11.0.jar;C:\Users\Asmaa Saad\.m2\repository\commons-beanutils\commons-beanutils\1.9.4\commons-beanutils-1.9.4.jar;C:\Users\Asmaa Saad\.m2\repository\commons-logging\commons-logging\1.2\commons-logging-1.2.jar;C:\Users\Asmaa Saad\.m2\repository\commons-collections\commons-collections\3.2.2\commons-collections-3.2.2.jar;C:\Users\Asmaa Saad\.m2\repository\org\apache\commons\commons-collections4\4.4\commons-collections4-4.4.jar;C:\Users\Asmaa Saad\.m2\repository\com\vladsch\flexmark\flexmark\0.62.2\flexmark-0.62.2.jar;C:\Users\Asmaa Saad\.m2\repository\com\vladsch\flexmark\flexmark-util-ast\0.62.2\flexmark-util-ast-0.62.2.jar;C:\Users\Asmaa Saad\.m2\repository\org\jetbrains\annotations\15.0\annotations-15.0.jar;C:\Users\Asmaa Saad\.m2\repository\com\vladsch\flexmark\flexmark-util-builder\0.62.2\flexmark-util-builder-0.62.2.jar;C:\Users\Asmaa Saad\.m2\repository\com\vladsch\flexmark\flexmark-util-collection\0.62.2\flexmark-util-collection-0.62.2.jar;C:\Users\Asmaa Saad\.m2\repository\com\vladsch\flexmark\flexmark-util-data\0.62.2\flexmark-util-data-0.62.2.jar;C:\Users\Asmaa Saad\.m2\repository\com\vladsch\flexmark\flexmark-util-dependency\0.62.2\flexmark-util-dependency-0.62.2.jar;C:\Users\Asmaa Saad\.m2\repository\com\vladsch\flexmark\flexmark-util-format\0.62.2\flexmark-util-format-0.62.2.jar;C:\Users\Asmaa Saad\.m2\repository\com\vladsch\flexmark\flexmark-util-html\0.62.2\flexmark-util-html-0.62.2.jar;C:\Users\Asmaa Saad\.m2\repository\com\vladsch\flexmark\flexmark-util-misc\0.62.2\flexmark-util-misc-0.62.2.jar;C:\Users\Asmaa Saad\.m2\repository\com\vladsch\flexmark\flexmark-util-sequence\0.62.2\flexmark-util-sequence-0.62.2.jar;C:\Users\Asmaa Saad\.m2\repository\com\vladsch\flexmark\flexmark-util-visitor\0.62.2\flexmark-util-visitor-0.62.2.jar;C:\Users\Asmaa Saad\.m2\repository\com\vladsch\flexmark\flexmark-ext-tables\0.62.2\flexmark-ext-tables-0.62.2.jar;C:\Users\Asmaa Saad\.m2\repository\com\vladsch\flexmark\flexmark-util\0.62.2\flexmark-util-0.62.2.jar;C:\Users\Asmaa Saad\.m2\repository\com\vladsch\flexmark\flexmark-util-options\0.62.2\flexmark-util-options-0.62.2.jar;C:\Users\Asmaa Saad\.m2\repository\javax\xml\bind\jaxb-api\2.3.1\jaxb-api-2.3.1.jar;C:\Users\Asmaa Saad\.m2\repository\javax\activation\javax.activation-api\1.2.0\javax.activation-api-1.2.0.jar;C:\Users\Asmaa Saad\.m2\repository\org\freemarker\freemarker\2.3.33\freemarker-2.3.33.jar;C:\Users\Asmaa Saad\.m2\repository\org\aspectj\aspectjweaver\1.9.20.1\aspectjweaver-1.9.20.1.jar;"/>
    <property name="java.vm.vendor" value="Oracle Corporation"/>
    <property name="sun.arch.data.model" value="64"/>
    <property name="user.variant" value=""/>
    <property name="java.vendor.url" value="https://java.oracle.com/"/>
    <property name="user.timezone" value="Africa/Cairo"/>
    <property name="os.name" value="Windows 11"/>
    <property name="java.vm.specification.version" value="21"/>
    <property name="sun.java.launcher" value="SUN_STANDARD"/>
    <property name="user.country" value="US"/>
    <property name="sun.boot.library.path" value="C:\Program Files\Java\jdk-21.0.5\bin"/>
    <property name="sun.java.command" value="C:\Users\Asmaa Saad\AppData\Local\Temp\surefire674120912950297980\surefirebooter-20241221160503752_3.jar C:\Users\Asmaa Saad\AppData\Local\Temp\surefire674120912950297980 2024-12-21T16-05-03_642-jvmRun1 surefire-20241221160503752_1tmp surefire_0-20241221160503752_2tmp"/>
    <property name="jdk.debug" value="release"/>
    <property name="surefire.test.class.path" value="D:\Automation\TAF_TricentisDemoWebShop\test-outputs\target\test-classes;D:\Automation\TAF_TricentisDemoWebShop\test-outputs\target\classes;C:\Users\Asmaa Saad\.m2\repository\org\seleniumhq\selenium\selenium-java\4.26.0\selenium-java-4.26.0.jar;C:\Users\Asmaa Saad\.m2\repository\org\seleniumhq\selenium\selenium-api\4.26.0\selenium-api-4.26.0.jar;C:\Users\Asmaa Saad\.m2\repository\org\jspecify\jspecify\1.0.0\jspecify-1.0.0.jar;C:\Users\Asmaa Saad\.m2\repository\org\seleniumhq\selenium\selenium-chrome-driver\4.26.0\selenium-chrome-driver-4.26.0.jar;C:\Users\Asmaa Saad\.m2\repository\com\google\auto\service\auto-service-annotations\1.1.1\auto-service-annotations-1.1.1.jar;C:\Users\Asmaa Saad\.m2\repository\org\seleniumhq\selenium\selenium-chromium-driver\4.26.0\selenium-chromium-driver-4.26.0.jar;C:\Users\Asmaa Saad\.m2\repository\org\seleniumhq\selenium\selenium-json\4.26.0\selenium-json-4.26.0.jar;C:\Users\Asmaa Saad\.m2\repository\org\seleniumhq\selenium\selenium-manager\4.26.0\selenium-manager-4.26.0.jar;C:\Users\Asmaa Saad\.m2\repository\org\seleniumhq\selenium\selenium-devtools-v128\4.26.0\selenium-devtools-v128-4.26.0.jar;C:\Users\Asmaa Saad\.m2\repository\org\seleniumhq\selenium\selenium-devtools-v129\4.26.0\selenium-devtools-v129-4.26.0.jar;C:\Users\Asmaa Saad\.m2\repository\org\seleniumhq\selenium\selenium-devtools-v130\4.26.0\selenium-devtools-v130-4.26.0.jar;C:\Users\Asmaa Saad\.m2\repository\org\seleniumhq\selenium\selenium-devtools-v85\4.26.0\selenium-devtools-v85-4.26.0.jar;C:\Users\Asmaa Saad\.m2\repository\org\seleniumhq\selenium\selenium-edge-driver\4.26.0\selenium-edge-driver-4.26.0.jar;C:\Users\Asmaa Saad\.m2\repository\org\seleniumhq\selenium\selenium-firefox-driver\4.26.0\selenium-firefox-driver-4.26.0.jar;C:\Users\Asmaa Saad\.m2\repository\org\seleniumhq\selenium\selenium-http\4.26.0\selenium-http-4.26.0.jar;C:\Users\Asmaa Saad\.m2\repository\dev\failsafe\failsafe\3.3.2\failsafe-3.3.2.jar;C:\Users\Asmaa Saad\.m2\repository\org\seleniumhq\selenium\selenium-ie-driver\4.26.0\selenium-ie-driver-4.26.0.jar;C:\Users\Asmaa Saad\.m2\repository\org\seleniumhq\selenium\selenium-remote-driver\4.26.0\selenium-remote-driver-4.26.0.jar;C:\Users\Asmaa Saad\.m2\repository\com\google\guava\guava\33.3.1-jre\guava-33.3.1-jre.jar;C:\Users\Asmaa Saad\.m2\repository\com\google\guava\failureaccess\1.0.2\failureaccess-1.0.2.jar;C:\Users\Asmaa Saad\.m2\repository\com\google\guava\listenablefuture\9999.0-empty-to-avoid-conflict-with-guava\listenablefuture-9999.0-empty-to-avoid-conflict-with-guava.jar;C:\Users\Asmaa Saad\.m2\repository\com\google\code\findbugs\jsr305\3.0.2\jsr305-3.0.2.jar;C:\Users\Asmaa Saad\.m2\repository\org\checkerframework\checker-qual\3.43.0\checker-qual-3.43.0.jar;C:\Users\Asmaa Saad\.m2\repository\com\google\j2objc\j2objc-annotations\3.0.0\j2objc-annotations-3.0.0.jar;C:\Users\Asmaa Saad\.m2\repository\io\opentelemetry\semconv\opentelemetry-semconv\1.25.0-alpha\opentelemetry-semconv-1.25.0-alpha.jar;C:\Users\Asmaa Saad\.m2\repository\io\opentelemetry\opentelemetry-api\1.43.0\opentelemetry-api-1.43.0.jar;C:\Users\Asmaa Saad\.m2\repository\io\opentelemetry\opentelemetry-context\1.43.0\opentelemetry-context-1.43.0.jar;C:\Users\Asmaa Saad\.m2\repository\io\opentelemetry\opentelemetry-exporter-logging\1.43.0\opentelemetry-exporter-logging-1.43.0.jar;C:\Users\Asmaa Saad\.m2\repository\io\opentelemetry\opentelemetry-sdk-common\1.43.0\opentelemetry-sdk-common-1.43.0.jar;C:\Users\Asmaa Saad\.m2\repository\io\opentelemetry\opentelemetry-sdk-extension-autoconfigure-spi\1.43.0\opentelemetry-sdk-extension-autoconfigure-spi-1.43.0.jar;C:\Users\Asmaa Saad\.m2\repository\io\opentelemetry\opentelemetry-sdk-extension-autoconfigure\1.43.0\opentelemetry-sdk-extension-autoconfigure-1.43.0.jar;C:\Users\Asmaa Saad\.m2\repository\io\opentelemetry\opentelemetry-api-incubator\1.43.0-alpha\opentelemetry-api-incubator-1.43.0-alpha.jar;C:\Users\Asmaa Saad\.m2\repository\io\opentelemetry\opentelemetry-sdk-trace\1.43.0\opentelemetry-sdk-trace-1.43.0.jar;C:\Users\Asmaa Saad\.m2\repository\io\opentelemetry\opentelemetry-sdk\1.43.0\opentelemetry-sdk-1.43.0.jar;C:\Users\Asmaa Saad\.m2\repository\io\opentelemetry\opentelemetry-sdk-metrics\1.43.0\opentelemetry-sdk-metrics-1.43.0.jar;C:\Users\Asmaa Saad\.m2\repository\io\opentelemetry\opentelemetry-sdk-logs\1.43.0\opentelemetry-sdk-logs-1.43.0.jar;C:\Users\Asmaa Saad\.m2\repository\net\bytebuddy\byte-buddy\1.15.7\byte-buddy-1.15.7.jar;C:\Users\Asmaa Saad\.m2\repository\org\seleniumhq\selenium\selenium-os\4.26.0\selenium-os-4.26.0.jar;C:\Users\Asmaa Saad\.m2\repository\org\apache\commons\commons-exec\1.4.0\commons-exec-1.4.0.jar;C:\Users\Asmaa Saad\.m2\repository\org\seleniumhq\selenium\selenium-safari-driver\4.26.0\selenium-safari-driver-4.26.0.jar;C:\Users\Asmaa Saad\.m2\repository\org\seleniumhq\selenium\selenium-support\4.26.0\selenium-support-4.26.0.jar;C:\Users\Asmaa Saad\.m2\repository\org\testng\testng\7.10.2\testng-7.10.2.jar;C:\Users\Asmaa Saad\.m2\repository\com\beust\jcommander\1.82\jcommander-1.82.jar;C:\Users\Asmaa Saad\.m2\repository\org\webjars\jquery\3.7.1\jquery-3.7.1.jar;C:\Users\Asmaa Saad\.m2\repository\io\qameta\allure\allure-testng\2.29.0\allure-testng-2.29.0.jar;C:\Users\Asmaa Saad\.m2\repository\io\qameta\allure\allure-java-commons\2.29.0\allure-java-commons-2.29.0.jar;C:\Users\Asmaa Saad\.m2\repository\io\qameta\allure\allure-model\2.29.0\allure-model-2.29.0.jar;C:\Users\Asmaa Saad\.m2\repository\io\qameta\allure\allure-test-filter\2.29.0\allure-test-filter-2.29.0.jar;C:\Users\Asmaa Saad\.m2\repository\com\google\code\gson\gson\2.11.0\gson-2.11.0.jar;C:\Users\Asmaa Saad\.m2\repository\com\google\errorprone\error_prone_annotations\2.27.0\error_prone_annotations-2.27.0.jar;C:\Users\Asmaa Saad\.m2\repository\org\slf4j\slf4j-api\2.0.16\slf4j-api-2.0.16.jar;C:\Users\Asmaa Saad\.m2\repository\org\slf4j\slf4j-simple\2.0.16\slf4j-simple-2.0.16.jar;C:\Users\Asmaa Saad\.m2\repository\org\apache\logging\log4j\log4j-core\2.24.1\log4j-core-2.24.1.jar;C:\Users\Asmaa Saad\.m2\repository\org\apache\logging\log4j\log4j-api\2.24.1\log4j-api-2.24.1.jar;C:\Users\Asmaa Saad\.m2\repository\commons-io\commons-io\2.18.0\commons-io-2.18.0.jar;C:\Users\Asmaa Saad\.m2\repository\com\github\javafaker\javafaker\1.0.2\javafaker-1.0.2.jar;C:\Users\Asmaa Saad\.m2\repository\org\apache\commons\commons-lang3\3.5\commons-lang3-3.5.jar;C:\Users\Asmaa Saad\.m2\repository\org\yaml\snakeyaml\1.23\snakeyaml-1.23-android.jar;C:\Users\Asmaa Saad\.m2\repository\com\github\mifmif\generex\1.0.2\generex-1.0.2.jar;C:\Users\Asmaa Saad\.m2\repository\dk\brics\automaton\automaton\1.11-8\automaton-1.11-8.jar;C:\Users\Asmaa Saad\.m2\repository\com\googlecode\json-simple\json-simple\1.1.1\json-simple-1.1.1.jar;C:\Users\Asmaa Saad\.m2\repository\junit\junit\4.10\junit-4.10.jar;C:\Users\Asmaa Saad\.m2\repository\org\hamcrest\hamcrest-core\1.1\hamcrest-core-1.1.jar;C:\Users\Asmaa Saad\.m2\repository\io\qameta\allure\allure-plugin-api\2.32.0\allure-plugin-api-2.32.0.jar;C:\Users\Asmaa Saad\.m2\repository\com\fasterxml\jackson\core\jackson-databind\2.18.1\jackson-databind-2.18.1.jar;C:\Users\Asmaa Saad\.m2\repository\com\fasterxml\jackson\core\jackson-annotations\2.18.1\jackson-annotations-2.18.1.jar;C:\Users\Asmaa Saad\.m2\repository\com\fasterxml\jackson\core\jackson-core\2.18.1\jackson-core-2.18.1.jar;C:\Users\Asmaa Saad\.m2\repository\com\fasterxml\jackson\module\jackson-module-jaxb-annotations\2.18.1\jackson-module-jaxb-annotations-2.18.1.jar;C:\Users\Asmaa Saad\.m2\repository\jakarta\activation\jakarta.activation-api\1.2.2\jakarta.activation-api-1.2.2.jar;C:\Users\Asmaa Saad\.m2\repository\com\opencsv\opencsv\5.9\opencsv-5.9.jar;C:\Users\Asmaa Saad\.m2\repository\org\apache\commons\commons-text\1.11.0\commons-text-1.11.0.jar;C:\Users\Asmaa Saad\.m2\repository\commons-beanutils\commons-beanutils\1.9.4\commons-beanutils-1.9.4.jar;C:\Users\Asmaa Saad\.m2\repository\commons-logging\commons-logging\1.2\commons-logging-1.2.jar;C:\Users\Asmaa Saad\.m2\repository\commons-collections\commons-collections\3.2.2\commons-collections-3.2.2.jar;C:\Users\Asmaa Saad\.m2\repository\org\apache\commons\commons-collections4\4.4\commons-collections4-4.4.jar;C:\Users\Asmaa Saad\.m2\repository\com\vladsch\flexmark\flexmark\0.62.2\flexmark-0.62.2.jar;C:\Users\Asmaa Saad\.m2\repository\com\vladsch\flexmark\flexmark-util-ast\0.62.2\flexmark-util-ast-0.62.2.jar;C:\Users\Asmaa Saad\.m2\repository\org\jetbrains\annotations\15.0\annotations-15.0.jar;C:\Users\Asmaa Saad\.m2\repository\com\vladsch\flexmark\flexmark-util-builder\0.62.2\flexmark-util-builder-0.62.2.jar;C:\Users\Asmaa Saad\.m2\repository\com\vladsch\flexmark\flexmark-util-collection\0.62.2\flexmark-util-collection-0.62.2.jar;C:\Users\Asmaa Saad\.m2\repository\com\vladsch\flexmark\flexmark-util-data\0.62.2\flexmark-util-data-0.62.2.jar;C:\Users\Asmaa Saad\.m2\repository\com\vladsch\flexmark\flexmark-util-dependency\0.62.2\flexmark-util-dependency-0.62.2.jar;C:\Users\Asmaa Saad\.m2\repository\com\vladsch\flexmark\flexmark-util-format\0.62.2\flexmark-util-format-0.62.2.jar;C:\Users\Asmaa Saad\.m2\repository\com\vladsch\flexmark\flexmark-util-html\0.62.2\flexmark-util-html-0.62.2.jar;C:\Users\Asmaa Saad\.m2\repository\com\vladsch\flexmark\flexmark-util-misc\0.62.2\flexmark-util-misc-0.62.2.jar;C:\Users\Asmaa Saad\.m2\repository\com\vladsch\flexmark\flexmark-util-sequence\0.62.2\flexmark-util-sequence-0.62.2.jar;C:\Users\Asmaa Saad\.m2\repository\com\vladsch\flexmark\flexmark-util-visitor\0.62.2\flexmark-util-visitor-0.62.2.jar;C:\Users\Asmaa Saad\.m2\repository\com\vladsch\flexmark\flexmark-ext-tables\0.62.2\flexmark-ext-tables-0.62.2.jar;C:\Users\Asmaa Saad\.m2\repository\com\vladsch\flexmark\flexmark-util\0.62.2\flexmark-util-0.62.2.jar;C:\Users\Asmaa Saad\.m2\repository\com\vladsch\flexmark\flexmark-util-options\0.62.2\flexmark-util-options-0.62.2.jar;C:\Users\Asmaa Saad\.m2\repository\javax\xml\bind\jaxb-api\2.3.1\jaxb-api-2.3.1.jar;C:\Users\Asmaa Saad\.m2\repository\javax\activation\javax.activation-api\1.2.0\javax.activation-api-1.2.0.jar;C:\Users\Asmaa Saad\.m2\repository\org\freemarker\freemarker\2.3.33\freemarker-2.3.33.jar;C:\Users\Asmaa Saad\.m2\repository\org\aspectj\aspectjweaver\1.9.20.1\aspectjweaver-1.9.20.1.jar;"/>
    <property name="sun.cpu.endian" value="little"/>
    <property name="user.home" value="C:\Users\Asmaa Saad"/>
    <property name="user.language" value="en"/>
    <property name="java.specification.vendor" value="Oracle Corporation"/>
    <property name="java.version.date" value="2024-10-15"/>
    <property name="java.home" value="C:\Program Files\Java\jdk-21.0.5"/>
    <property name="file.separator" value="\"/>
    <property name="basedir" value="D:\Automation\TAF_TricentisDemoWebShop"/>
    <property name="java.vm.compressedOopsMode" value="Zero based"/>
    <property name="line.separator" value="&#10;"/>
    <property name="java.vm.specification.vendor" value="Oracle Corporation"/>
    <property name="java.specification.name" value="Java Platform API Specification"/>
    <property name="surefire.real.class.path" value="C:\Users\Asmaa Saad\AppData\Local\Temp\surefire674120912950297980\surefirebooter-20241221160503752_3.jar"/>
    <property name="user.script" value=""/>
    <property name="sun.management.compiler" value="HotSpot 64-Bit Tiered Compilers"/>
    <property name="java.runtime.version" value="21.0.5+9-LTS-239"/>
    <property name="user.name" value="Hamrawi"/>
    <property name="stdout.encoding" value="Cp1252"/>
    <property name="path.separator" value=";"/>
    <property name="os.version" value="10.0"/>
    <property name="java.runtime.name" value="Java(TM) SE Runtime Environment"/>
    <property name="file.encoding" value="UTF-8"/>
    <property name="browser" value="chrome"/>
    <property name="java.vm.name" value="Java HotSpot(TM) 64-Bit Server VM"/>
    <property name="localRepository" value="C:\Users\Asmaa Saad\.m2\repository"/>
    <property name="java.vendor.url.bug" value="https://bugreport.java.com/bugreport/"/>
    <property name="java.io.tmpdir" value="C:\Users\ASMAAS~1\AppData\Local\Temp\"/>
    <property name="java.version" value="21.0.5"/>
    <property name="user.dir" value="D:\Automation\TAF_TricentisDemoWebShop"/>
    <property name="os.arch" value="amd64"/>
    <property name="java.vm.specification.name" value="Java Virtual Machine Specification"/>
    <property name="sun.os.patch.level" value=""/>
    <property name="native.encoding" value="Cp1252"/>
    <property name="java.library.path" value="C:\Program Files\Java\jdk-21.0.5\bin;C:\WINDOWS\Sun\Java\bin;C:\WINDOWS\system32;C:\WINDOWS;C:\WINDOWS\system32;C:\WINDOWS;C:\WINDOWS\System32\Wbem;C:\WINDOWS\System32\WindowsPowerShell\v1.0\;C:\WINDOWS\System32\OpenSSH\;C:\Program Files\nodejs\;C:\Program Files\apache-maven-3.8.8\bin;C:\Program Files\Git\cmd;C:\Users\Asmaa Saad\scoop\apps\allure\2.32.0\bin;C:\Program Files\nodejs;C:\Program Files\Java\jdk-23.0.1\bin;C:\Users\Asmaa Saad\scoop\shims;C:\Users\Asmaa Saad\AppData\Local\Microsoft\WindowsApps;E:\Microsoft VS Code\bin;C:\Users\Asmaa Saad\AppData\Roaming\npm;."/>
    <property name="java.vm.info" value="mixed mode, sharing"/>
    <property name="stderr.encoding" value="Cp1252"/>
    <property name="java.vendor" value="Oracle Corporation"/>
    <property name="java.vm.version" value="21.0.5+9-LTS-239"/>
    <property name="sun.io.unicode.encoding" value="UnicodeLittle"/>
    <property name="java.class.version" value="65.0"/>
  </properties>
  <testcase name="validLoginTC[mtestm@gmail.com,123654](1)" classname="TestCases.TC02_LoginTest" time="1.761">
    <system-out><![CDATA[[INFO] 21-12-2024 16:05:06 [main] [Listeners.ITestListener.onStart(ITestListener.java:45)]  - the suite is start...
[INFO] 21-12-2024 16:05:12 [main] [Listeners.IInvokedListener.afterInvocation(IInvokedListener.java:26)]  - setUpexecuted......
[INFO] 21-12-2024 16:05:12 [main] [Listeners.IInvokedListener.afterInvocation(IInvokedListener.java:42)]  - tc is pass....
[INFO] 21-12-2024 16:05:12 [main] [Listeners.ITestListener.onTestStart(ITestListener.java:13)]  - the test case is starting  : validLoginTC
[INFO] 21-12-2024 16:05:14 [main] [Listeners.IInvokedListener.afterInvocation(IInvokedListener.java:26)]  - validLoginTCexecuted......
[INFO] 21-12-2024 16:05:14 [main] [Listeners.IInvokedListener.afterInvocation(IInvokedListener.java:42)]  - tc is pass....
]]></system-out>
    <system-err><![CDATA[[main] WARN org.testng.xml.TestNGContentHandler - It is strongly recommended to add "<!DOCTYPE suite SYSTEM "https://testng.org/testng-1.1.dtd" >" at the top of the suite file [D:\Automation\TAF_TricentisDemoWebShop\test-runner\regression.xml] otherwise TestNG may fail or not work as expected.
[main] ERROR io.qameta.allure.AllureLifecycle - Could not add attachment: no test is running
Dec 21, 2024 4:05:10 PM org.openqa.selenium.devtools.CdpVersionFinder findNearestMatch
WARNING: Unable to find an exact match for CDP version 131, returning the closest version; found: 130; Please update to a Selenium version that supports CDP version 131
[main] ERROR io.qameta.allure.AllureLifecycle - Could not add attachment: no test is running
]]></system-err>
  </testcase>
  <testcase name="invalidLoginTC[ ,123654](1)" classname="TestCases.TC02_LoginTest" time="1.18">
    <system-out><![CDATA[[INFO] 21-12-2024 16:05:14 [main] [Listeners.ITestListener.onTestSuccess(ITestListener.java:21)]  - the test case is passing : validLoginTC
[INFO] 21-12-2024 16:05:14 [main] [Listeners.IInvokedListener.afterInvocation(IInvokedListener.java:26)]  - tearDownexecuted......
[INFO] 21-12-2024 16:05:14 [main] [Listeners.IInvokedListener.afterInvocation(IInvokedListener.java:42)]  - tc is pass....
[INFO] 21-12-2024 16:05:17 [main] [Listeners.IInvokedListener.afterInvocation(IInvokedListener.java:26)]  - setUpexecuted......
[INFO] 21-12-2024 16:05:17 [main] [Listeners.IInvokedListener.afterInvocation(IInvokedListener.java:42)]  - tc is pass....
[INFO] 21-12-2024 16:05:17 [main] [Listeners.ITestListener.onTestStart(ITestListener.java:13)]  - the test case is starting  : invalidLoginTC
[INFO] 21-12-2024 16:05:18 [main] [Listeners.IInvokedListener.afterInvocation(IInvokedListener.java:26)]  - invalidLoginTCexecuted......
[INFO] 21-12-2024 16:05:18 [main] [Listeners.IInvokedListener.afterInvocation(IInvokedListener.java:42)]  - tc is pass....
]]></system-out>
    <system-err><![CDATA[[main] ERROR io.qameta.allure.AllureLifecycle - Could not add attachment: no test is running
Dec 21, 2024 4:05:15 PM org.openqa.selenium.devtools.CdpVersionFinder findNearestMatch
WARNING: Unable to find an exact match for CDP version 131, returning the closest version; found: 130; Please update to a Selenium version that supports CDP version 131
[main] ERROR io.qameta.allure.AllureLifecycle - Could not add attachment: no test is running
]]></system-err>
  </testcase>
  <testcase name="invalidLoginTC[mtestm@gmail.com, ](2)" classname="TestCases.TC02_LoginTest" time="1.148">
    <system-out><![CDATA[[INFO] 21-12-2024 16:05:18 [main] [Listeners.ITestListener.onTestSuccess(ITestListener.java:21)]  - the test case is passing : invalidLoginTC
[INFO] 21-12-2024 16:05:18 [main] [Listeners.IInvokedListener.afterInvocation(IInvokedListener.java:26)]  - tearDownexecuted......
[INFO] 21-12-2024 16:05:18 [main] [Listeners.IInvokedListener.afterInvocation(IInvokedListener.java:42)]  - tc is pass....
[INFO] 21-12-2024 16:05:22 [main] [Listeners.IInvokedListener.afterInvocation(IInvokedListener.java:26)]  - setUpexecuted......
[INFO] 21-12-2024 16:05:22 [main] [Listeners.IInvokedListener.afterInvocation(IInvokedListener.java:42)]  - tc is pass....
[INFO] 21-12-2024 16:05:22 [main] [Listeners.ITestListener.onTestStart(ITestListener.java:13)]  - the test case is starting  : invalidLoginTC
[INFO] 21-12-2024 16:05:23 [main] [Listeners.IInvokedListener.afterInvocation(IInvokedListener.java:26)]  - invalidLoginTCexecuted......
[INFO] 21-12-2024 16:05:23 [main] [Listeners.IInvokedListener.afterInvocation(IInvokedListener.java:42)]  - tc is pass....
]]></system-out>
    <system-err><![CDATA[[main] ERROR io.qameta.allure.AllureLifecycle - Could not add attachment: no test is running
Dec 21, 2024 4:05:20 PM org.openqa.selenium.devtools.CdpVersionFinder findNearestMatch
WARNING: Unable to find an exact match for CDP version 131, returning the closest version; found: 130; Please update to a Selenium version that supports CDP version 131
[main] ERROR io.qameta.allure.AllureLifecycle - Could not add attachment: no test is running
]]></system-err>
  </testcase>
  <testcase name="invalidLoginTC[ , ](3)" classname="TestCases.TC02_LoginTest" time="1.218">
    <system-out><![CDATA[[INFO] 21-12-2024 16:05:23 [main] [Listeners.ITestListener.onTestSuccess(ITestListener.java:21)]  - the test case is passing : invalidLoginTC
[INFO] 21-12-2024 16:05:23 [main] [Listeners.IInvokedListener.afterInvocation(IInvokedListener.java:26)]  - tearDownexecuted......
[INFO] 21-12-2024 16:05:23 [main] [Listeners.IInvokedListener.afterInvocation(IInvokedListener.java:42)]  - tc is pass....
[INFO] 21-12-2024 16:05:26 [main] [Listeners.IInvokedListener.afterInvocation(IInvokedListener.java:26)]  - setUpexecuted......
[INFO] 21-12-2024 16:05:26 [main] [Listeners.IInvokedListener.afterInvocation(IInvokedListener.java:42)]  - tc is pass....
[INFO] 21-12-2024 16:05:26 [main] [Listeners.ITestListener.onTestStart(ITestListener.java:13)]  - the test case is starting  : invalidLoginTC
[INFO] 21-12-2024 16:05:27 [main] [Listeners.IInvokedListener.afterInvocation(IInvokedListener.java:26)]  - invalidLoginTCexecuted......
[INFO] 21-12-2024 16:05:27 [main] [Listeners.IInvokedListener.afterInvocation(IInvokedListener.java:42)]  - tc is pass....
]]></system-out>
    <system-err><![CDATA[[main] ERROR io.qameta.allure.AllureLifecycle - Could not add attachment: no test is running
Dec 21, 2024 4:05:24 PM org.openqa.selenium.devtools.CdpVersionFinder findNearestMatch
WARNING: Unable to find an exact match for CDP version 131, returning the closest version; found: 130; Please update to a Selenium version that supports CDP version 131
[main] ERROR io.qameta.allure.AllureLifecycle - Could not add attachment: no test is running
]]></system-err>
  </testcase>
  <testcase name="validSearchTC" classname="TestCases.TC03_SearchTest" time="5.122">
    <system-out><![CDATA[[INFO] 21-12-2024 16:05:27 [main] [Listeners.ITestListener.onTestSuccess(ITestListener.java:21)]  - the test case is passing : invalidLoginTC
[INFO] 21-12-2024 16:05:28 [main] [Listeners.IInvokedListener.afterInvocation(IInvokedListener.java:26)]  - tearDownexecuted......
[INFO] 21-12-2024 16:05:28 [main] [Listeners.IInvokedListener.afterInvocation(IInvokedListener.java:42)]  - tc is pass....
[INFO] 21-12-2024 16:05:31 [main] [Listeners.IInvokedListener.afterInvocation(IInvokedListener.java:26)]  - setUpexecuted......
[INFO] 21-12-2024 16:05:31 [main] [Listeners.IInvokedListener.afterInvocation(IInvokedListener.java:42)]  - tc is pass....
[INFO] 21-12-2024 16:05:31 [main] [Listeners.ITestListener.onTestStart(ITestListener.java:13)]  - the test case is starting  : validSearchTC
[INFO] 21-12-2024 16:05:32 [main] [pages.P07_SearchPage.clickOnOption(P07_SearchPage.java:36)]  - options [[[ChromeDriver: chrome on windows (7e7909edd939f57860aef4c2905b707d)] -> xpath: //li[@class="ui-menu-item"]], [[ChromeDriver: chrome on windows (7e7909edd939f57860aef4c2905b707d)] -> xpath: //li[@class="ui-menu-item"]], [[ChromeDriver: chrome on windows (7e7909edd939f57860aef4c2905b707d)] -> xpath: //li[@class="ui-menu-item"]]]
[INFO] 21-12-2024 16:05:36 [main] [Listeners.IInvokedListener.afterInvocation(IInvokedListener.java:26)]  - validSearchTCexecuted......
[INFO] 21-12-2024 16:05:36 [main] [Listeners.IInvokedListener.afterInvocation(IInvokedListener.java:42)]  - tc is pass....
]]></system-out>
    <system-err><![CDATA[[main] ERROR io.qameta.allure.AllureLifecycle - Could not add attachment: no test is running
Dec 21, 2024 4:05:29 PM org.openqa.selenium.devtools.CdpVersionFinder findNearestMatch
WARNING: Unable to find an exact match for CDP version 131, returning the closest version; found: 130; Please update to a Selenium version that supports CDP version 131
[main] ERROR io.qameta.allure.AllureLifecycle - Could not add attachment: no test is running
]]></system-err>
  </testcase>
  <testcase name="inValidSearchTC" classname="TestCases.TC03_SearchTest" time="1.059">
    <system-out><![CDATA[[INFO] 21-12-2024 16:05:36 [main] [Listeners.ITestListener.onTestSuccess(ITestListener.java:21)]  - the test case is passing : validSearchTC
[INFO] 21-12-2024 16:05:36 [main] [Listeners.IInvokedListener.afterInvocation(IInvokedListener.java:26)]  - tearDownexecuted......
[INFO] 21-12-2024 16:05:36 [main] [Listeners.IInvokedListener.afterInvocation(IInvokedListener.java:42)]  - tc is pass....
[INFO] 21-12-2024 16:05:39 [main] [Listeners.IInvokedListener.afterInvocation(IInvokedListener.java:26)]  - setUpexecuted......
[INFO] 21-12-2024 16:05:39 [main] [Listeners.IInvokedListener.afterInvocation(IInvokedListener.java:42)]  - tc is pass....
[INFO] 21-12-2024 16:05:39 [main] [Listeners.ITestListener.onTestStart(ITestListener.java:13)]  - the test case is starting  : inValidSearchTC
[INFO] 21-12-2024 16:05:40 [main] [Listeners.IInvokedListener.afterInvocation(IInvokedListener.java:26)]  - inValidSearchTCexecuted......
[INFO] 21-12-2024 16:05:40 [main] [Listeners.IInvokedListener.afterInvocation(IInvokedListener.java:42)]  - tc is pass....
]]></system-out>
    <system-err><![CDATA[[main] ERROR io.qameta.allure.AllureLifecycle - Could not add attachment: no test is running
Dec 21, 2024 4:05:37 PM org.openqa.selenium.devtools.CdpVersionFinder findNearestMatch
WARNING: Unable to find an exact match for CDP version 131, returning the closest version; found: 130; Please update to a Selenium version that supports CDP version 131
[main] ERROR io.qameta.allure.AllureLifecycle - Could not add attachment: no test is running
]]></system-err>
  </testcase>
  <testcase name="moveToCategoryItems[mtestm@gmail.com,123654](1)" classname="TestCases.TC04_CategoryItemsTest" time="3.097">
    <system-out><![CDATA[[INFO] 21-12-2024 16:05:40 [main] [Listeners.ITestListener.onTestSuccess(ITestListener.java:21)]  - the test case is passing : inValidSearchTC
[INFO] 21-12-2024 16:05:40 [main] [Listeners.IInvokedListener.afterInvocation(IInvokedListener.java:26)]  - tearDownexecuted......
[INFO] 21-12-2024 16:05:40 [main] [Listeners.IInvokedListener.afterInvocation(IInvokedListener.java:42)]  - tc is pass....
[INFO] 21-12-2024 16:05:43 [main] [Listeners.IInvokedListener.afterInvocation(IInvokedListener.java:26)]  - setUpexecuted......
[INFO] 21-12-2024 16:05:43 [main] [Listeners.IInvokedListener.afterInvocation(IInvokedListener.java:42)]  - tc is pass....
[INFO] 21-12-2024 16:05:43 [main] [Listeners.ITestListener.onTestStart(ITestListener.java:13)]  - the test case is starting  : moveToCategoryItems
[INFO] 21-12-2024 16:05:46 [main] [Listeners.IInvokedListener.afterInvocation(IInvokedListener.java:26)]  - moveToCategoryItemsexecuted......
[INFO] 21-12-2024 16:05:46 [main] [Listeners.IInvokedListener.afterInvocation(IInvokedListener.java:42)]  - tc is pass....
]]></system-out>
    <system-err><![CDATA[[main] ERROR io.qameta.allure.AllureLifecycle - Could not add attachment: no test is running
Dec 21, 2024 4:05:42 PM org.openqa.selenium.devtools.CdpVersionFinder findNearestMatch
WARNING: Unable to find an exact match for CDP version 131, returning the closest version; found: 130; Please update to a Selenium version that supports CDP version 131
[main] ERROR io.qameta.allure.AllureLifecycle - Could not add attachment: no test is running
]]></system-err>
  </testcase>
  <testcase name="addProductsToCart[mtestm@gmail.com,123654](1)" classname="TestCases.TC05_AddToCartTest" time="2.612">
    <system-out><![CDATA[[INFO] 21-12-2024 16:05:46 [main] [Listeners.ITestListener.onTestSuccess(ITestListener.java:21)]  - the test case is passing : moveToCategoryItems
[INFO] 21-12-2024 16:05:47 [main] [Listeners.IInvokedListener.afterInvocation(IInvokedListener.java:26)]  - tearDownexecuted......
[INFO] 21-12-2024 16:05:47 [main] [Listeners.IInvokedListener.afterInvocation(IInvokedListener.java:42)]  - tc is pass....
[INFO] 21-12-2024 16:05:49 [main] [Listeners.IInvokedListener.afterInvocation(IInvokedListener.java:26)]  - setUpexecuted......
[INFO] 21-12-2024 16:05:49 [main] [Listeners.IInvokedListener.afterInvocation(IInvokedListener.java:42)]  - tc is pass....
[INFO] 21-12-2024 16:05:49 [main] [Listeners.ITestListener.onTestStart(ITestListener.java:13)]  - the test case is starting  : addProductsToCart
[INFO] 21-12-2024 16:05:52 [main] [pages.P10_AddToCartPage.clickOnAddProductsBtn(P10_AddToCartPage.java:28)]  - size :[[[ChromeDriver: chrome on windows (fc505586dfd49520e09c981bef7a71ae)] -> xpath: //input[contains(@class,'product-box-add-to-cart-button')]]]
[INFO] 21-12-2024 16:05:52 [main] [pages.P10_AddToCartPage.getCountOnCartIcon(P10_AddToCartPage.java:39)]  - cart number :(11)
[INFO] 21-12-2024 16:05:52 [main] [Listeners.IInvokedListener.afterInvocation(IInvokedListener.java:26)]  - addProductsToCartexecuted......
[INFO] 21-12-2024 16:05:52 [main] [Listeners.IInvokedListener.afterInvocation(IInvokedListener.java:42)]  - tc is pass....
]]></system-out>
    <system-err><![CDATA[[main] ERROR io.qameta.allure.AllureLifecycle - Could not add attachment: no test is running
Dec 21, 2024 4:05:48 PM org.openqa.selenium.devtools.CdpVersionFinder findNearestMatch
WARNING: Unable to find an exact match for CDP version 131, returning the closest version; found: 130; Please update to a Selenium version that supports CDP version 131
[main] ERROR io.qameta.allure.AllureLifecycle - Could not add attachment: no test is running
]]></system-err>
  </testcase>
</testsuite>